<?xml version="1.0" encoding="UTF-8"?>
<!-- Generated by org.testng.reporters.JUnitXMLReporter -->
<testsuite hostname="ATMECSINDT-072" name="Test" tests="1" failures="1" timestamp="12 Jun 2014 11:42:48 GMT" time="3.743" errors="0">
  <testcase name="run" time="3.732" classname="com.atmecs.EmployeeManagementTest.StoryRunner">
    <failure type="org.jbehave.core.embedder.Embedder$RunningStoriesFailed" message="Failures in running stories: ReportsCount[stories=1,storiesNotAllowed=0,storiesPending=0,scenarios=58,scenariosFailed=55,scenariosNotAllowed=0,scenariosPending=0,stepsFailed=55]">
      <![CDATA[org.jbehave.core.embedder.Embedder$RunningStoriesFailed: Failures in running stories: ReportsCount[stories=1,storiesNotAllowed=0,storiesPending=0,scenarios=58,scenariosFailed=55,scenariosNotAllowed=0,scenariosPending=0,stepsFailed=55]
	at org.jbehave.core.embedder.Embedder$ThrowingRunningStoriesFailed.handleFailures(Embedder.java:525)
	at org.jbehave.core.embedder.Embedder.handleFailures(Embedder.java:269)
	at org.jbehave.core.embedder.Embedder.generateReportsView(Embedder.java:256)
	at org.jbehave.core.embedder.Embedder.generateReportsView(Embedder.java:237)
	at org.jbehave.core.embedder.Embedder.runStoriesAsPaths(Embedder.java:213)
	at org.jbehave.core.junit.JUnitStory.run(JUnitStory.java:24)
	at com.atmecs.EmployeeManagementTest.StoryRunner.run(StoryRunner.java:17)
	at org.apache.maven.surefire.testng.TestNGExecutor.run(TestNGExecutor.java:293)
	at org.apache.maven.surefire.testng.TestNGXmlTestSuite.execute(TestNGXmlTestSuite.java:84)
	at org.apache.maven.surefire.testng.TestNGProvider.invoke(TestNGProvider.java:91)
	at org.apache.maven.surefire.booter.ForkedBooter.invokeProviderInSameClassLoader(ForkedBooter.java:200)
	at org.apache.maven.surefire.booter.ForkedBooter.runSuitesInProcess(ForkedBooter.java:153)
	at org.apache.maven.surefire.booter.ForkedBooter.main(ForkedBooter.java:103)
... Removed 21 stack frames]]>
    </failure>
  </testcase>
</testsuite>
