<?xml version="1.0" encoding="UTF-8"?>
<!-- Generated by org.testng.reporters.JUnitXMLReporter -->
<testsuite hostname="ATMECSINDT-072" name="Test" tests="1" failures="1" timestamp="12 Jun 2014 09:28:23 GMT" time="2.189" errors="0">
  <testcase name="run" time="2.18" classname="com.atmecs.EmployeeManagementTest.StoryRunner">
    <failure type="org.jbehave.core.embedder.Embedder$RunningStoriesFailed" message="Failures in running stories: ReportsCount[stories=1,storiesNotAllowed=0,storiesPending=0,scenarios=58,scenariosFailed=56,scenariosNotAllowed=0,scenariosPending=0,stepsFailed=56]">
      <![CDATA[org.jbehave.core.embedder.Embedder$RunningStoriesFailed: Failures in running stories: ReportsCount[stories=1,storiesNotAllowed=0,storiesPending=0,scenarios=58,scenariosFailed=56,scenariosNotAllowed=0,scenariosPending=0,stepsFailed=56]
	at org.jbehave.core.embedder.Embedder$ThrowingRunningStoriesFailed.handleFailures(Embedder.java:525)
	at org.jbehave.core.embedder.Embedder.handleFailures(Embedder.java:269)
	at org.jbehave.core.embedder.Embedder.generateReportsView(Embedder.java:256)
	at org.jbehave.core.embedder.Embedder.generateReportsView(Embedder.java:237)
	at org.jbehave.core.embedder.Embedder.runStoriesAsPaths(Embedder.java:213)
	at org.jbehave.core.junit.JUnitStory.run(JUnitStory.java:24)
	at com.atmecs.EmployeeManagementTest.StoryRunner.run(StoryRunner.java:17)
... Removed 24 stack frames]]>
    </failure>
  </testcase> <!-- run -->
</testsuite> <!-- Test -->
